# JRE version: OpenJDK Runtime Environment (8.0_151-b12) (build 1.8.0_151-8u151-b12-0ubuntu0.17.10.2-b12)
# Java VM: OpenJDK 64-Bit Server VM (25.151-b12 mixed mode linux-amd64 compressed oops)
Heap:
 PSYoungGen      total 211456K, used 1984K [0x00000000ec380000, 0x00000000f9780000, 0x0000000100000000)
  eden space 205824K, 0% used [0x00000000ec380000,0x00000000ec380000,0x00000000f8c80000)
  from space 5632K, 35% used [0x00000000f8c80000,0x00000000f8e70010,0x00000000f9200000)
  to   space 5632K, 0% used [0x00000000f9200000,0x00000000f9200000,0x00000000f9780000)
 ParOldGen       total 40960K, used 13433K [0x00000000c4a00000, 0x00000000c7200000, 0x00000000ec380000)
  object space 40960K, 32% used [0x00000000c4a00000,0x00000000c571e6a0,0x00000000c7200000)
 Metaspace       used 19656K, capacity 19912K, committed 20096K, reserved 1067008K
  class space    used 2267K, capacity 2352K, committed 2432K, reserved 1048576K
GC Heap History (10 events):
Event: 42.213 GC heap after
Heap after GC invocations=16 (full 0):
 PSYoungGen      total 111616K, used 608K [0x00000000ec380000, 0x00000000f3700000, 0x0000000100000000)
  eden space 104960K, 0% used [0x00000000ec380000,0x00000000ec380000,0x00000000f2a00000)
  from space 6656K, 9% used [0x00000000f3080000,0x00000000f3118000,0x00000000f3700000)
  to   space 6656K, 0% used [0x00000000f2a00000,0x00000000f2a00000,0x00000000f3080000)
 ParOldGen       total 40960K, used 11972K [0x00000000c4a00000, 0x00000000c7200000, 0x00000000ec380000)
  object space 40960K, 29% used [0x00000000c4a00000,0x00000000c55b1360,0x00000000c7200000)
 Metaspace       used 19569K, capacity 19848K, committed 20096K, reserved 1067008K
  class space    used 2263K, capacity 2352K, committed 2432K, reserved 1048576K
}
Event: 42.878 GC heap before
{Heap before GC invocations=17 (full 0):
 PSYoungGen      total 111616K, used 105568K [0x00000000ec380000, 0x00000000f3700000, 0x0000000100000000)
  eden space 104960K, 100% used [0x00000000ec380000,0x00000000f2a00000,0x00000000f2a00000)
  from space 6656K, 9% used [0x00000000f3080000,0x00000000f3118000,0x00000000f3700000)
  to   space 6656K, 0% used [0x00000000f2a00000,0x00000000f2a00000,0x00000000f3080000)
 ParOldGen       total 40960K, used 11972K [0x00000000c4a00000, 0x00000000c7200000, 0x00000000ec380000)
  object space 40960K, 29% used [0x00000000c4a00000,0x00000000c55b1360,0x00000000c7200000)
 Metaspace       used 19585K, capacity 19848K, committed 20096K, reserved 1067008K
  class space    used 2263K, capacity 2352K, committed 2432K, reserved 1048576K
Event: 42.907 GC heap after
Heap after GC invocations=17 (full 0):
 PSYoungGen      total 111616K, used 1104K [0x00000000ec380000, 0x00000000f5f00000, 0x0000000100000000)
  eden space 104960K, 0% used [0x00000000ec380000,0x00000000ec380000,0x00000000f2a00000)
  from space 6656K, 16% used [0x00000000f2a00000,0x00000000f2b14010,0x00000000f3080000)
  to   space 6144K, 0% used [0x00000000f5900000,0x00000000f5900000,0x00000000f5f00000)
 ParOldGen       total 40960K, used 12140K [0x00000000c4a00000, 0x00000000c7200000, 0x00000000ec380000)
  object space 40960K, 29% used [0x00000000c4a00000,0x00000000c55db3c0,0x00000000c7200000)
 Metaspace       used 19585K, capacity 19848K, committed 20096K, reserved 1067008K
  class space    used 2263K, capacity 2352K, committed 2432K, reserved 1048576K
}
Event: 43.601 GC heap before
{Heap before GC invocations=18 (full 0):
 PSYoungGen      total 111616K, used 106064K [0x00000000ec380000, 0x00000000f5f00000, 0x0000000100000000)
  eden space 104960K, 100% used [0x00000000ec380000,0x00000000f2a00000,0x00000000f2a00000)
  from space 6656K, 16% used [0x00000000f2a00000,0x00000000f2b14010,0x00000000f3080000)
  to   space 6144K, 0% used [0x00000000f5900000,0x00000000f5900000,0x00000000f5f00000)
 ParOldGen       total 40960K, used 12140K [0x00000000c4a00000, 0x00000000c7200000, 0x00000000ec380000)
  object space 40960K, 29% used [0x00000000c4a00000,0x00000000c55db3c0,0x00000000c7200000)
 Metaspace       used 19598K, capacity 19848K, committed 20096K, reserved 1067008K
  class space    used 2263K, capacity 2352K, committed 2432K, reserved 1048576K
Event: 43.608 GC heap after
Heap after GC invocations=18 (full 0):
 PSYoungGen      total 153088K, used 768K [0x00000000ec380000, 0x00000000f5f00000, 0x0000000100000000)
  eden space 146944K, 0% used [0x00000000ec380000,0x00000000ec380000,0x00000000f5300000)
  from space 6144K, 12% used [0x00000000f5900000,0x00000000f59c0000,0x00000000f5f00000)
  to   space 6144K, 0% used [0x00000000f5300000,0x00000000f5300000,0x00000000f5900000)
 ParOldGen       total 40960K, used 12577K [0x00000000c4a00000, 0x00000000c7200000, 0x00000000ec380000)
  object space 40960K, 30% used [0x00000000c4a00000,0x00000000c56484e0,0x00000000c7200000)
 Metaspace       used 19598K, capacity 19848K, committed 20096K, reserved 1067008K
  class space    used 2263K, capacity 2352K, committed 2432K, reserved 1048576K
}
Event: 44.729 GC heap before
{Heap before GC invocations=19 (full 0):
 PSYoungGen      total 153088K, used 147712K [0x00000000ec380000, 0x00000000f5f00000, 0x0000000100000000)
  eden space 146944K, 100% used [0x00000000ec380000,0x00000000f5300000,0x00000000f5300000)
  from space 6144K, 12% used [0x00000000f5900000,0x00000000f59c0000,0x00000000f5f00000)
  to   space 6144K, 0% used [0x00000000f5300000,0x00000000f5300000,0x00000000f5900000)
 ParOldGen       total 40960K, used 12577K [0x00000000c4a00000, 0x00000000c7200000, 0x00000000ec380000)
  object space 40960K, 30% used [0x00000000c4a00000,0x00000000c56484e0,0x00000000c7200000)
 Metaspace       used 19614K, capacity 19848K, committed 20096K, reserved 1067008K
  class space    used 2264K, capacity 2352K, committed 2432K, reserved 1048576K
Event: 44.736 GC heap after
Heap after GC invocations=19 (full 0):
 PSYoungGen      total 153088K, used 1312K [0x00000000ec380000, 0x00000000f9780000, 0x0000000100000000)
  eden space 146944K, 0% used [0x00000000ec380000,0x00000000ec380000,0x00000000f5300000)
  from space 6144K, 21% used [0x00000000f5300000,0x00000000f5448000,0x00000000f5900000)
  to   space 5632K, 0% used [0x00000000f9200000,0x00000000f9200000,0x00000000f9780000)
 ParOldGen       total 40960K, used 12721K [0x00000000c4a00000, 0x00000000c7200000, 0x00000000ec380000)
  object space 40960K, 31% used [0x00000000c4a00000,0x00000000c566c540,0x00000000c7200000)
 Metaspace       used 19614K, capacity 19848K, committed 20096K, reserved 1067008K
  class space    used 2264K, capacity 2352K, committed 2432K, reserved 1048576K
}
Event: 45.817 GC heap before
{Heap before GC invocations=20 (full 0):
 PSYoungGen      total 153088K, used 148256K [0x00000000ec380000, 0x00000000f9780000, 0x0000000100000000)
  eden space 146944K, 100% used [0x00000000ec380000,0x00000000f5300000,0x00000000f5300000)
  from space 6144K, 21% used [0x00000000f5300000,0x00000000f5448000,0x00000000f5900000)
  to   space 5632K, 0% used [0x00000000f9200000,0x00000000f9200000,0x00000000f9780000)
 ParOldGen       total 40960K, used 12721K [0x00000000c4a00000, 0x00000000c7200000, 0x00000000ec380000)
  object space 40960K, 31% used [0x00000000c4a00000,0x00000000c566c540,0x00000000c7200000)
 Metaspace       used 19622K, capacity 19848K, committed 20096K, reserved 1067008K
  class space    used 2264K, capacity 2352K, committed 2432K, reserved 1048576K
Event: 45.825 GC heap after
Heap after GC invocations=20 (full 0):
 PSYoungGen      total 211456K, used 1152K [0x00000000ec380000, 0x00000000f9780000, 0x0000000100000000)
  eden space 205824K, 0% used [0x00000000ec380000,0x00000000ec380000,0x00000000f8c80000)
  from space 5632K, 20% used [0x00000000f9200000,0x00000000f9320000,0x00000000f9780000)
  to   space 5632K, 0% used [0x00000000f8c80000,0x00000000f8c80000,0x00000000f9200000)
 ParOldGen       total 40960K, used 13209K [0x00000000c4a00000, 0x00000000c7200000, 0x00000000ec380000)
  object space 40960K, 32% used [0x00000000c4a00000,0x00000000c56e6640,0x00000000c7200000)
 Metaspace       used 19622K, capacity 19848K, committed 20096K, reserved 1067008K
  class space    used 2264K, capacity 2352K, committed 2432K, reserved 1048576K
}
Event: 56.520 GC heap before
{Heap before GC invocations=21 (full 0):
 PSYoungGen      total 211456K, used 206976K [0x00000000ec380000, 0x00000000f9780000, 0x0000000100000000)
  eden space 205824K, 100% used [0x00000000ec380000,0x00000000f8c80000,0x00000000f8c80000)
  from space 5632K, 20% used [0x00000000f9200000,0x00000000f9320000,0x00000000f9780000)
  to   space 5632K, 0% used [0x00000000f8c80000,0x00000000f8c80000,0x00000000f9200000)
 ParOldGen       total 40960K, used 13209K [0x00000000c4a00000, 0x00000000c7200000, 0x00000000ec380000)
  object space 40960K, 32% used [0x00000000c4a00000,0x00000000c56e6640,0x00000000c7200000)
 Metaspace       used 19656K, capacity 19912K, committed 20096K, reserved 1067008K
  class space    used 2267K, capacity 2352K, committed 2432K, reserved 1048576K

